<?xml version="1.0" encoding="UTF-8"?>
<testng-results skipped="0" failed="0" ignored="0" total="1" passed="1">
  <reporter-output>
  </reporter-output>
  <suite name="TESTS" duration-ms="12067" started-at="2020-10-13T13:14:43 CEST" finished-at="2020-10-13T13:14:55 CEST">
    <groups>
    </groups>
    <test name="Tests.DodanieNowegoUprawnienia" duration-ms="12067" started-at="2020-10-13T13:14:43 CEST" finished-at="2020-10-13T13:14:55 CEST">
      <class name="Tests.DodanieNowegoUprawnienia">
        <test-method status="PASS" signature="beforeTest()[pri:0, instance:Tests.DodanieNowegoUprawnienia@5241cf67]" name="beforeTest" is-config="true" duration-ms="4996" started-at="2020-10-13T13:14:43 CEST" finished-at="2020-10-13T13:14:48 CEST">
          <reporter-output>
          </reporter-output>
        </test-method> <!-- beforeTest -->
        <test-method status="PASS" signature="test()[pri:0, instance:Tests.DodanieNowegoUprawnienia@5241cf67]" name="test" duration-ms="6680" started-at="2020-10-13T13:14:48 CEST" description="as Admin Try Add New Certificate" finished-at="2020-10-13T13:14:55 CEST">
          <reporter-output>
          </reporter-output>
        </test-method> <!-- test -->
        <test-method status="PASS" signature="afterTest()[pri:0, instance:Tests.DodanieNowegoUprawnienia@5241cf67]" name="afterTest" is-config="true" duration-ms="139" started-at="2020-10-13T13:14:55 CEST" finished-at="2020-10-13T13:14:55 CEST">
          <reporter-output>
          </reporter-output>
        </test-method> <!-- afterTest -->
      </class> <!-- Tests.DodanieNowegoUprawnienia -->
    </test> <!-- Tests.DodanieNowegoUprawnienia -->
  </suite> <!-- TESTS -->
</testng-results>
