<?xml version="1.0" encoding="UTF-8"?>
<testng-results skipped="0" failed="0" ignored="0" total="1" passed="1">
  <reporter-output>
  </reporter-output>
  <suite name="TESTS" duration-ms="8682" started-at="2020-10-13T13:15:47 CEST" finished-at="2020-10-13T13:15:56 CEST">
    <groups>
    </groups>
    <test name="Tests.WyszukiwanieUsera" duration-ms="8682" started-at="2020-10-13T13:15:47 CEST" finished-at="2020-10-13T13:15:56 CEST">
      <class name="Tests.WyszukiwanieUsera">
        <test-method status="PASS" signature="beforeTest()[pri:0, instance:Tests.WyszukiwanieUsera@1536602f]" name="beforeTest" is-config="true" duration-ms="4904" started-at="2020-10-13T13:15:47 CEST" finished-at="2020-10-13T13:15:52 CEST">
          <reporter-output>
          </reporter-output>
        </test-method> <!-- beforeTest -->
        <test-method status="PASS" signature="test()[pri:0, instance:Tests.WyszukiwanieUsera@1536602f]" name="test" duration-ms="3414" started-at="2020-10-13T13:15:52 CEST" description="as Admin Try Add New Certificate" finished-at="2020-10-13T13:15:56 CEST">
          <reporter-output>
          </reporter-output>
        </test-method> <!-- test -->
        <test-method status="PASS" signature="afterTest()[pri:0, instance:Tests.WyszukiwanieUsera@1536602f]" name="afterTest" is-config="true" duration-ms="157" started-at="2020-10-13T13:15:56 CEST" finished-at="2020-10-13T13:15:56 CEST">
          <reporter-output>
          </reporter-output>
        </test-method> <!-- afterTest -->
      </class> <!-- Tests.WyszukiwanieUsera -->
    </test> <!-- Tests.WyszukiwanieUsera -->
  </suite> <!-- TESTS -->
</testng-results>
