<?xml version="1.0" encoding="UTF-8"?>
<!-- Generated by org.testng.reporters.JUnitXMLReporter -->
<testsuite hostname="vmWCO" ignored="0" name="Tests.UsuniecieUsera" tests="2" failures="1" timestamp="2020-10-13T13:24:22 CEST" time="68.686" errors="0">
  <testcase name="test" time="41.705" classname="Tests.UsuniecieUsera">
    <skipped/>
  </testcase> <!-- test -->
  <testcase name="test" time="17.462" classname="Tests.UsuniecieUsera">
    <failure type="java.lang.IllegalArgumentException" message="Nie ma takiego usera">
      <![CDATA[java.lang.IllegalArgumentException: Nie ma takiego usera
at PageObject.UserAndPermissions.clickOnDeleteUser(UserAndPermissions.java:286)
at Tests.UsuniecieUsera.test(UsuniecieUsera.java:28)
at java.util.ArrayList.forEach(ArrayList.java:1259)
... Removed 31 stack frames]]>
    </failure>
  </testcase> <!-- test -->
</testsuite> <!-- Tests.UsuniecieUsera -->
