<?xml version="1.0" encoding="UTF-8"?>
<testng-results skipped="0" failed="0" ignored="0" total="1" passed="1">
  <reporter-output>
  </reporter-output>
  <suite name="TESTS" duration-ms="7868" started-at="2020-10-13T13:13:52 CEST" finished-at="2020-10-13T13:14:00 CEST">
    <groups>
    </groups>
    <test name="Tests.NieudaneLogowanieWCO" duration-ms="7868" started-at="2020-10-13T13:13:52 CEST" finished-at="2020-10-13T13:14:00 CEST">
      <class name="Tests.NieudaneLogowanieWCO">
        <test-method status="PASS" signature="beforeTest()[pri:0, instance:Tests.NieudaneLogowanieWCO@2a39fe6a]" name="beforeTest" is-config="true" duration-ms="5437" started-at="2020-10-13T13:13:52 CEST" finished-at="2020-10-13T13:13:58 CEST">
          <reporter-output>
          </reporter-output>
        </test-method> <!-- beforeTest -->
        <test-method status="PASS" signature="test()[pri:0, instance:Tests.NieudaneLogowanieWCO@2a39fe6a]" name="test" duration-ms="1962" started-at="2020-10-13T13:13:58 CEST" description="as Admin Try Add New Certificate" finished-at="2020-10-13T13:14:00 CEST">
          <reporter-output>
          </reporter-output>
        </test-method> <!-- test -->
        <test-method status="PASS" signature="afterTest()[pri:0, instance:Tests.NieudaneLogowanieWCO@2a39fe6a]" name="afterTest" is-config="true" duration-ms="214" started-at="2020-10-13T13:14:00 CEST" finished-at="2020-10-13T13:14:00 CEST">
          <reporter-output>
          </reporter-output>
        </test-method> <!-- afterTest -->
      </class> <!-- Tests.NieudaneLogowanieWCO -->
    </test> <!-- Tests.NieudaneLogowanieWCO -->
  </suite> <!-- TESTS -->
</testng-results>
