<?xml version="1.0" encoding="UTF-8"?>
<testng-results skipped="0" failed="0" ignored="0" total="1" passed="1">
  <reporter-output>
  </reporter-output>
  <suite name="TESTS" duration-ms="17340" started-at="2020-10-13T13:14:58 CEST" finished-at="2020-10-13T13:15:15 CEST">
    <groups>
    </groups>
    <test name="Tests.DodanieRoliDlaUsera" duration-ms="17340" started-at="2020-10-13T13:14:58 CEST" finished-at="2020-10-13T13:15:15 CEST">
      <class name="Tests.DodanieRoliDlaUsera">
        <test-method status="PASS" signature="beforeTest()[pri:0, instance:Tests.DodanieRoliDlaUsera@2a1edad4]" name="beforeTest" is-config="true" duration-ms="5575" started-at="2020-10-13T13:14:58 CEST" finished-at="2020-10-13T13:15:03 CEST">
          <reporter-output>
          </reporter-output>
        </test-method> <!-- beforeTest -->
        <test-method status="PASS" signature="test()[pri:0, instance:Tests.DodanieRoliDlaUsera@2a1edad4]" name="test" duration-ms="11454" started-at="2020-10-13T13:15:04 CEST" description="as Admin Try Add New Certificate" finished-at="2020-10-13T13:15:15 CEST">
          <reporter-output>
          </reporter-output>
        </test-method> <!-- test -->
        <test-method status="PASS" signature="afterTest()[pri:0, instance:Tests.DodanieRoliDlaUsera@2a1edad4]" name="afterTest" is-config="true" duration-ms="93" started-at="2020-10-13T13:15:15 CEST" finished-at="2020-10-13T13:15:15 CEST">
          <reporter-output>
          </reporter-output>
        </test-method> <!-- afterTest -->
      </class> <!-- Tests.DodanieRoliDlaUsera -->
    </test> <!-- Tests.DodanieRoliDlaUsera -->
  </suite> <!-- TESTS -->
</testng-results>
