<?xml version="1.0" encoding="UTF-8"?>
<testng-results skipped="0" failed="0" ignored="0" total="1" passed="1">
  <reporter-output>
  </reporter-output>
  <suite name="TESTS" duration-ms="19694" started-at="2020-10-13T13:18:00 CEST" finished-at="2020-10-13T13:18:20 CEST">
    <groups>
    </groups>
    <test name="Tests.SprzedazFunkcjonalnosciPrezentacjiGlownymNumerem" duration-ms="19694" started-at="2020-10-13T13:18:00 CEST" finished-at="2020-10-13T13:18:20 CEST">
      <class name="Tests.SprzedazFunkcjonalnosciPrezentacjiGlownymNumerem">
        <test-method status="PASS" signature="beforeTest()[pri:0, instance:Tests.SprzedazFunkcjonalnosciPrezentacjiGlownymNumerem@7c351808]" name="beforeTest" is-config="true" duration-ms="5316" started-at="2020-10-13T13:18:00 CEST" finished-at="2020-10-13T13:18:05 CEST">
          <reporter-output>
          </reporter-output>
        </test-method> <!-- beforeTest -->
        <test-method status="PASS" signature="test()[pri:0, instance:Tests.SprzedazFunkcjonalnosciPrezentacjiGlownymNumerem@7c351808]" name="test" duration-ms="13987" started-at="2020-10-13T13:18:05 CEST" description="as Admin Try Add New Certificate" finished-at="2020-10-13T13:18:19 CEST">
          <reporter-output>
          </reporter-output>
        </test-method> <!-- test -->
        <test-method status="PASS" signature="afterTest()[pri:0, instance:Tests.SprzedazFunkcjonalnosciPrezentacjiGlownymNumerem@7c351808]" name="afterTest" is-config="true" duration-ms="145" started-at="2020-10-13T13:18:19 CEST" finished-at="2020-10-13T13:18:20 CEST">
          <reporter-output>
          </reporter-output>
        </test-method> <!-- afterTest -->
      </class> <!-- Tests.SprzedazFunkcjonalnosciPrezentacjiGlownymNumerem -->
    </test> <!-- Tests.SprzedazFunkcjonalnosciPrezentacjiGlownymNumerem -->
  </suite> <!-- TESTS -->
</testng-results>
