<?xml version="1.0" encoding="UTF-8"?>
<testng-results skipped="0" failed="0" ignored="0" total="1" passed="1">
  <reporter-output>
  </reporter-output>
  <suite name="TESTS" duration-ms="11846" started-at="2020-10-13T13:14:29 CEST" finished-at="2020-10-13T13:14:41 CEST">
    <groups>
    </groups>
    <test name="Tests.DodanieNowejRoli" duration-ms="11846" started-at="2020-10-13T13:14:29 CEST" finished-at="2020-10-13T13:14:41 CEST">
      <class name="Tests.DodanieNowejRoli">
        <test-method status="PASS" signature="beforeTest()[pri:0, instance:Tests.DodanieNowejRoli@43b4fe19]" name="beforeTest" is-config="true" duration-ms="5211" started-at="2020-10-13T13:14:29 CEST" finished-at="2020-10-13T13:14:34 CEST">
          <reporter-output>
          </reporter-output>
        </test-method> <!-- beforeTest -->
        <test-method status="PASS" signature="test()[pri:0, instance:Tests.DodanieNowejRoli@43b4fe19]" name="test" duration-ms="6289" started-at="2020-10-13T13:14:34 CEST" description="as Admin Try Add New Certificate" finished-at="2020-10-13T13:14:40 CEST">
          <reporter-output>
          </reporter-output>
        </test-method> <!-- test -->
        <test-method status="PASS" signature="afterTest()[pri:0, instance:Tests.DodanieNowejRoli@43b4fe19]" name="afterTest" is-config="true" duration-ms="103" started-at="2020-10-13T13:14:40 CEST" finished-at="2020-10-13T13:14:41 CEST">
          <reporter-output>
          </reporter-output>
        </test-method> <!-- afterTest -->
      </class> <!-- Tests.DodanieNowejRoli -->
    </test> <!-- Tests.DodanieNowejRoli -->
  </suite> <!-- TESTS -->
</testng-results>
