<?xml version="1.0" encoding="UTF-8"?>
<testng-results skipped="0" failed="0" ignored="0" total="1" passed="1">
  <reporter-output>
  </reporter-output>
  <suite name="TESTS" duration-ms="11782" started-at="2020-10-13T13:15:18 CEST" finished-at="2020-10-13T13:15:30 CEST">
    <groups>
    </groups>
    <test name="Tests.DodanieRoliDoGrupy" duration-ms="11782" started-at="2020-10-13T13:15:18 CEST" finished-at="2020-10-13T13:15:30 CEST">
      <class name="Tests.DodanieRoliDoGrupy">
        <test-method status="PASS" signature="beforeTest()[pri:0, instance:Tests.DodanieRoliDoGrupy@76ba13c]" name="beforeTest" is-config="true" duration-ms="4910" started-at="2020-10-13T13:15:18 CEST" finished-at="2020-10-13T13:15:23 CEST">
          <reporter-output>
          </reporter-output>
        </test-method> <!-- beforeTest -->
        <test-method status="PASS" signature="test()[pri:0, instance:Tests.DodanieRoliDoGrupy@76ba13c]" name="test" duration-ms="6494" started-at="2020-10-13T13:15:23 CEST" description="as Admin Try Add New Certificate" finished-at="2020-10-13T13:15:29 CEST">
          <reporter-output>
          </reporter-output>
        </test-method> <!-- test -->
        <test-method status="PASS" signature="afterTest()[pri:0, instance:Tests.DodanieRoliDoGrupy@76ba13c]" name="afterTest" is-config="true" duration-ms="160" started-at="2020-10-13T13:15:29 CEST" finished-at="2020-10-13T13:15:30 CEST">
          <reporter-output>
          </reporter-output>
        </test-method> <!-- afterTest -->
      </class> <!-- Tests.DodanieRoliDoGrupy -->
    </test> <!-- Tests.DodanieRoliDoGrupy -->
  </suite> <!-- TESTS -->
</testng-results>
