<?xml version="1.0" encoding="UTF-8"?>
<!-- Generated by org.testng.reporters.JUnitXMLReporter -->
<testsuite hostname="vmWCO" ignored="0" name="Tests.UsuniecieGrupy" tests="3" failures="1" timestamp="2020-10-13T13:23:11 CEST" time="27.844" errors="0">
  <testcase name="test" time="5.736" classname="Tests.UsuniecieGrupy">
    <skipped/>
  </testcase> <!-- test -->
  <testcase name="test" time="4.388" classname="Tests.UsuniecieGrupy">
    <skipped/>
  </testcase> <!-- test -->
  <testcase name="test" time="4.166" classname="Tests.UsuniecieGrupy">
    <failure type="java.lang.IllegalArgumentException" message="Nie ma takiej grupy">
      <![CDATA[java.lang.IllegalArgumentException: Nie ma takiej grupy
at PageObject.GroupPage.clickOnDeleteGroupButton(GroupPage.java:134)
at Tests.UsuniecieGrupy.test(UsuniecieGrupy.java:28)
at java.util.ArrayList.forEach(ArrayList.java:1259)
... Removed 31 stack frames]]>
    </failure>
  </testcase> <!-- test -->
</testsuite> <!-- Tests.UsuniecieGrupy -->
