<?xml version="1.0" encoding="UTF-8"?>
<testng-results skipped="0" failed="0" ignored="0" total="1" passed="1">
  <reporter-output>
  </reporter-output>
  <suite name="TESTS" duration-ms="12435" started-at="2020-10-13T13:15:32 CEST" finished-at="2020-10-13T13:15:45 CEST">
    <groups>
    </groups>
    <test name="Tests.DodanieUprawnieniaDoRoli" duration-ms="12435" started-at="2020-10-13T13:15:32 CEST" finished-at="2020-10-13T13:15:45 CEST">
      <class name="Tests.DodanieUprawnieniaDoRoli">
        <test-method status="PASS" signature="beforeTest()[pri:0, instance:Tests.DodanieUprawnieniaDoRoli@6256ac4f]" name="beforeTest" is-config="true" duration-ms="5003" started-at="2020-10-13T13:15:32 CEST" finished-at="2020-10-13T13:15:37 CEST">
          <reporter-output>
          </reporter-output>
        </test-method> <!-- beforeTest -->
        <test-method status="PASS" signature="test()[pri:0, instance:Tests.DodanieUprawnieniaDoRoli@6256ac4f]" name="test" duration-ms="7091" started-at="2020-10-13T13:15:37 CEST" description="as Admin Try Add New Certificate" finished-at="2020-10-13T13:15:45 CEST">
          <reporter-output>
          </reporter-output>
        </test-method> <!-- test -->
        <test-method status="PASS" signature="afterTest()[pri:0, instance:Tests.DodanieUprawnieniaDoRoli@6256ac4f]" name="afterTest" is-config="true" duration-ms="97" started-at="2020-10-13T13:15:45 CEST" finished-at="2020-10-13T13:15:45 CEST">
          <reporter-output>
          </reporter-output>
        </test-method> <!-- afterTest -->
      </class> <!-- Tests.DodanieUprawnieniaDoRoli -->
    </test> <!-- Tests.DodanieUprawnieniaDoRoli -->
  </suite> <!-- TESTS -->
</testng-results>
