<?xml version="1.0" encoding="UTF-8"?>
<testng-results skipped="0" failed="0" ignored="0" total="1" passed="1">
  <reporter-output>
  </reporter-output>
  <suite name="TESTS" duration-ms="10679" started-at="2020-10-13T13:17:47 CEST" finished-at="2020-10-13T13:17:57 CEST">
    <groups>
    </groups>
    <test name="Tests.ZakupDodatkowegoPakietuZeSklepu" duration-ms="10679" started-at="2020-10-13T13:17:47 CEST" finished-at="2020-10-13T13:17:57 CEST">
      <class name="Tests.ZakupDodatkowegoPakietuZeSklepu">
        <test-method status="PASS" signature="beforeTest()[pri:0, instance:Tests.ZakupDodatkowegoPakietuZeSklepu@6256ac4f]" name="beforeTest" is-config="true" duration-ms="5109" started-at="2020-10-13T13:17:47 CEST" finished-at="2020-10-13T13:17:52 CEST">
          <reporter-output>
          </reporter-output>
        </test-method> <!-- beforeTest -->
        <test-method status="PASS" signature="test()[pri:0, instance:Tests.ZakupDodatkowegoPakietuZeSklepu@6256ac4f]" name="test" duration-ms="5171" started-at="2020-10-13T13:17:52 CEST" description="as Admin Try Add New Certificate" finished-at="2020-10-13T13:17:57 CEST">
          <reporter-output>
          </reporter-output>
        </test-method> <!-- test -->
        <test-method status="PASS" signature="afterTest()[pri:0, instance:Tests.ZakupDodatkowegoPakietuZeSklepu@6256ac4f]" name="afterTest" is-config="true" duration-ms="143" started-at="2020-10-13T13:17:57 CEST" finished-at="2020-10-13T13:17:57 CEST">
          <reporter-output>
          </reporter-output>
        </test-method> <!-- afterTest -->
      </class> <!-- Tests.ZakupDodatkowegoPakietuZeSklepu -->
    </test> <!-- Tests.ZakupDodatkowegoPakietuZeSklepu -->
  </suite> <!-- TESTS -->
</testng-results>
