<?xml version="1.0" encoding="UTF-8"?>
<!-- Generated by org.testng.reporters.JUnitXMLReporter -->
<testsuite hostname="vmWCO" ignored="0" name="Tests.DodanieCertyfikatuDoUsera" tests="2" failures="1" timestamp="2020-10-13T13:19:19 CEST" time="57.283" errors="0">
  <testcase name="test" time="34.519" classname="Tests.DodanieCertyfikatuDoUsera">
    <skipped/>
  </testcase> <!-- test -->
  <testcase name="test" time="13.56" classname="Tests.DodanieCertyfikatuDoUsera">
    <failure type="org.openqa.selenium.InvalidArgumentException" message="invalid argument: File not found : src/test/java/resources/123.crt
  (Session info: headless chrome=86.0.4240.75)
Build info: version: &amp;apos;3.141.5&amp;apos;, revision: &amp;apos;d54ebd709a&amp;apos;, time: &amp;apos;2018-11-06T11:42:16&amp;apos;
System info: host: &amp;apos;vmWCO&amp;apos;, ip: &amp;apos;172.25.0.33&amp;apos;, os.name: &amp;apos;Linux&amp;apos;, os.arch: &amp;apos;amd64&amp;apos;, os.version: &amp;apos;4.18.0-193.14.2.el8_2.x86_64&amp;apos;, java.version: &amp;apos;1.8.0_265&amp;apos;
Driver info: org.openqa.selenium.remote.RemoteWebDriver
Capabilities {acceptInsecureCerts: false, browserName: chrome, browserVersion: 86.0.4240.75, chrome: {chromedriverVersion: 85.0.4183.87 (cd6713ebf92fa..., userDataDir: /tmp/.com.google.Chrome.MQ8D3c}, goog:chromeOptions: {debuggerAddress: localhost:42937}, javascriptEnabled: true, networkConnectionEnabled: false, pageLoadStrategy: normal, platform: LINUX, platformName: LINUX, proxy: Proxy(), setWindowRect: true, strictFileInteractability: false, timeouts: {implicit: 0, pageLoad: 300000, script: 30000}, unhandledPromptBehavior: dismiss and notify, webauthn:virtualAuthenticators: true, webdriver.remote.sessionid: 6a86a65c20f1bb10e9fd28cc9f6...}
Session ID: 6a86a65c20f1bb10e9fd28cc9f62e465">
      <![CDATA[org.openqa.selenium.InvalidArgumentException: invalid argument: File not found : src/test/java/resources/123.crt
  (Session info: headless chrome=86.0.4240.75)
Build info: version: '3.141.5', revision: 'd54ebd709a', time: '2018-11-06T11:42:16'
System info: host: 'vmWCO', ip: '172.25.0.33', os.name: 'Linux', os.arch: 'amd64', os.version: '4.18.0-193.14.2.el8_2.x86_64', java.version: '1.8.0_265'
Driver info: org.openqa.selenium.remote.RemoteWebDriver
Capabilities {acceptInsecureCerts: false, browserName: chrome, browserVersion: 86.0.4240.75, chrome: {chromedriverVersion: 85.0.4183.87 (cd6713ebf92fa..., userDataDir: /tmp/.com.google.Chrome.MQ8D3c}, goog:chromeOptions: {debuggerAddress: localhost:42937}, javascriptEnabled: true, networkConnectionEnabled: false, pageLoadStrategy: normal, platform: LINUX, platformName: LINUX, proxy: Proxy(), setWindowRect: true, strictFileInteractability: false, timeouts: {implicit: 0, pageLoad: 300000, script: 30000}, unhandledPromptBehavior: dismiss and notify, webauthn:virtualAuthenticators: true, webdriver.remote.sessionid: 6a86a65c20f1bb10e9fd28cc9f6...}
Session ID: 6a86a65c20f1bb10e9fd28cc9f62e465
at org.openqa.selenium.remote.http.W3CHttpResponseCodec.createException(W3CHttpResponseCodec.java:187)
at org.openqa.selenium.remote.http.W3CHttpResponseCodec.decode(W3CHttpResponseCodec.java:122)
at org.openqa.selenium.remote.http.W3CHttpResponseCodec.decode(W3CHttpResponseCodec.java:49)
at org.openqa.selenium.remote.HttpCommandExecutor.execute(HttpCommandExecutor.java:158)
at org.openqa.selenium.remote.RemoteWebDriver.execute(RemoteWebDriver.java:552)
at org.openqa.selenium.remote.RemoteWebElement.execute(RemoteWebElement.java:285)
at org.openqa.selenium.remote.RemoteWebElement.sendKeys(RemoteWebElement.java:106)
at org.openqa.selenium.support.pagefactory.internal.LocatingElementHandler.invoke(LocatingElementHandler.java:51)
at com.sun.proxy.$Proxy18.sendKeys(Unknown Source)
at PageObject.UserAndPermissions.clickIntoAddCertificateButton(UserAndPermissions.java:313)
at Tests.DodanieCertyfikatuDoUsera.test(DodanieCertyfikatuDoUsera.java:26)
at java.util.ArrayList.forEach(ArrayList.java:1259)
... Removed 39 stack frames]]>
    </failure>
  </testcase> <!-- test -->
</testsuite> <!-- Tests.DodanieCertyfikatuDoUsera -->
