<?xml version="1.0" encoding="UTF-8"?>
<testng-results skipped="0" failed="0" ignored="0" total="1" passed="1">
  <reporter-output>
  </reporter-output>
  <suite name="TESTS" duration-ms="10848" started-at="2020-10-13T13:22:16 CEST" finished-at="2020-10-13T13:22:27 CEST">
    <groups>
    </groups>
    <test name="Tests.UsuniecieUprawnieniaZRoli" duration-ms="10848" started-at="2020-10-13T13:22:16 CEST" finished-at="2020-10-13T13:22:27 CEST">
      <class name="Tests.UsuniecieUprawnieniaZRoli">
        <test-method status="PASS" signature="beforeTest()[pri:0, instance:Tests.UsuniecieUprawnieniaZRoli@6256ac4f]" name="beforeTest" is-config="true" duration-ms="5053" started-at="2020-10-13T13:22:16 CEST" finished-at="2020-10-13T13:22:21 CEST">
          <reporter-output>
          </reporter-output>
        </test-method> <!-- beforeTest -->
        <test-method status="PASS" signature="test()[pri:0, instance:Tests.UsuniecieUprawnieniaZRoli@6256ac4f]" name="test" duration-ms="5419" started-at="2020-10-13T13:22:21 CEST" description="as Admin Try Add New Certificate" finished-at="2020-10-13T13:22:27 CEST">
          <reporter-output>
          </reporter-output>
        </test-method> <!-- test -->
        <test-method status="PASS" signature="afterTest()[pri:0, instance:Tests.UsuniecieUprawnieniaZRoli@6256ac4f]" name="afterTest" is-config="true" duration-ms="141" started-at="2020-10-13T13:22:27 CEST" finished-at="2020-10-13T13:22:27 CEST">
          <reporter-output>
          </reporter-output>
        </test-method> <!-- afterTest -->
      </class> <!-- Tests.UsuniecieUprawnieniaZRoli -->
    </test> <!-- Tests.UsuniecieUprawnieniaZRoli -->
  </suite> <!-- TESTS -->
</testng-results>
