<?xml version="1.0" encoding="UTF-8"?>
<testsuite xmlns:xsi="http://www.w3.org/2001/XMLSchema-instance" xsi:noNamespaceSchemaLocation="https://maven.apache.org/surefire/maven-surefire-plugin/xsd/surefire-test-report.xsd" name="TestSuite" time="58.497" tests="2" errors="0" skipped="1" failures="1">
  <properties>
[...]
</properties>
  <testcase name="test" classname="Tests.DodanieCertyfikatuDoUsera" time="0">
    <skipped message="Expected condition failed: waiting for element to be clickable: Proxy element for: DefaultElementLocator &apos;By.xpath: (//button[text()=&quot; Certyfikat &quot;])[last()]&apos; (tried for 30 second(s) with 500 milliseconds interval)"/>
    <system-out><![CDATA[Open Browser
test test case started
test test case started
phone
user
click login
Retrying test test with status FAILURE for the 1 time(s).
The name of the testcase Skipped is :test
]]></system-out>
    <system-err><![CDATA[Oct 13, 2020 1:18:23 PM org.openqa.selenium.remote.ProtocolHandshake createSession
INFO: Detected dialect: W3C
]]></system-err>
  </testcase>
  <testcase name="test" classname="Tests.DodanieCertyfikatuDoUsera" time="13.57">
    <failure message="invalid argument: File not found : src/test/java/resources/123.crt&#10;  (Session info: headless chrome=86.0.4240.75)&#10;Build info: version: &apos;3.141.5&apos;, revision: &apos;d54ebd709a&apos;, time: &apos;2018-11-06T11:42:16&apos;&#10;System info: host: &apos;vmWCO&apos;, ip: &apos;172.25.0.33&apos;, os.name: &apos;Linux&apos;, os.arch: &apos;amd64&apos;, os.version: &apos;4.18.0-193.14.2.el8_2.x86_64&apos;, java.version: &apos;1.8.0_265&apos;&#10;Driver info: org.openqa.selenium.remote.RemoteWebDriver&#10;Capabilities {acceptInsecureCerts: false, browserName: chrome, browserVersion: 86.0.4240.75, chrome: {chromedriverVersion: 85.0.4183.87 (cd6713ebf92fa..., userDataDir: /tmp/.com.google.Chrome.MQ8D3c}, goog:chromeOptions: {debuggerAddress: localhost:42937}, javascriptEnabled: true, networkConnectionEnabled: false, pageLoadStrategy: normal, platform: LINUX, platformName: LINUX, proxy: Proxy(), setWindowRect: true, strictFileInteractability: false, timeouts: {implicit: 0, pageLoad: 300000, script: 30000}, unhandledPromptBehavior: dismiss and notify, webauthn:virtualAuthenticators: true, webdriver.remote.sessionid: 6a86a65c20f1bb10e9fd28cc9f6...}&#10;Session ID: 6a86a65c20f1bb10e9fd28cc9f62e465" type="org.openqa.selenium.InvalidArgumentException">org.openqa.selenium.InvalidArgumentException: 
invalid argument: File not found : src/test/java/resources/123.crt
  (Session info: headless chrome=86.0.4240.75)
Build info: version: '3.141.5', revision: 'd54ebd709a', time: '2018-11-06T11:42:16'
System info: host: 'vmWCO', ip: '172.25.0.33', os.name: 'Linux', os.arch: 'amd64', os.version: '4.18.0-193.14.2.el8_2.x86_64', java.version: '1.8.0_265'
Driver info: org.openqa.selenium.remote.RemoteWebDriver
Capabilities {acceptInsecureCerts: false, browserName: chrome, browserVersion: 86.0.4240.75, chrome: {chromedriverVersion: 85.0.4183.87 (cd6713ebf92fa..., userDataDir: /tmp/.com.google.Chrome.MQ8D3c}, goog:chromeOptions: {debuggerAddress: localhost:42937}, javascriptEnabled: true, networkConnectionEnabled: false, pageLoadStrategy: normal, platform: LINUX, platformName: LINUX, proxy: Proxy(), setWindowRect: true, strictFileInteractability: false, timeouts: {implicit: 0, pageLoad: 300000, script: 30000}, unhandledPromptBehavior: dismiss and notify, webauthn:virtualAuthenticators: true, webdriver.remote.sessionid: 6a86a65c20f1bb10e9fd28cc9f6...}
Session ID: 6a86a65c20f1bb10e9fd28cc9f62e465
	at Tests.DodanieCertyfikatuDoUsera.test(DodanieCertyfikatuDoUsera.java:26)
</failure>
    <system-out><![CDATA[The name of the testcase Skipped is :test
Closing Browser
Open Browser
test test case started
test test case started
phone
user
click login
The name of the testcase failed is :test
]]></system-out>
    <system-err><![CDATA[Oct 13, 2020 1:19:02 PM org.openqa.selenium.remote.ProtocolHandshake createSession
INFO: Detected dialect: W3C
]]></system-err>
  </testcase>
</testsuite>