<?xml version="1.0" encoding="UTF-8"?>
<testng-results skipped="0" failed="0" ignored="0" total="1" passed="1">
  <reporter-output>
  </reporter-output>
  <suite name="TESTS" duration-ms="8401" started-at="2020-10-13T13:14:03 CEST" finished-at="2020-10-13T13:14:11 CEST">
    <groups>
    </groups>
    <test name="Tests.PoprawneLogowanieTest" duration-ms="8401" started-at="2020-10-13T13:14:03 CEST" finished-at="2020-10-13T13:14:11 CEST">
      <class name="Tests.PoprawneLogowanieTest">
        <test-method status="PASS" signature="beforeTest()[pri:0, instance:Tests.PoprawneLogowanieTest@2a39fe6a]" name="beforeTest" is-config="true" duration-ms="5294" started-at="2020-10-13T13:14:03 CEST" finished-at="2020-10-13T13:14:08 CEST">
          <reporter-output>
          </reporter-output>
        </test-method> <!-- beforeTest -->
        <test-method status="PASS" signature="test()[pri:0, instance:Tests.PoprawneLogowanieTest@2a39fe6a]" name="test" duration-ms="2682" started-at="2020-10-13T13:14:08 CEST" description="as Admin Try Add New Certificate" finished-at="2020-10-13T13:14:11 CEST">
          <reporter-output>
          </reporter-output>
        </test-method> <!-- test -->
        <test-method status="PASS" signature="afterTest()[pri:0, instance:Tests.PoprawneLogowanieTest@2a39fe6a]" name="afterTest" is-config="true" duration-ms="167" started-at="2020-10-13T13:14:11 CEST" finished-at="2020-10-13T13:14:11 CEST">
          <reporter-output>
          </reporter-output>
        </test-method> <!-- afterTest -->
      </class> <!-- Tests.PoprawneLogowanieTest -->
    </test> <!-- Tests.PoprawneLogowanieTest -->
  </suite> <!-- TESTS -->
</testng-results>
