<?xml version="1.0" encoding="UTF-8"?>
<testng-results skipped="0" failed="0" ignored="0" total="1" passed="1">
  <reporter-output>
  </reporter-output>
  <suite name="TESTS" duration-ms="11460" started-at="2020-10-13T13:21:48 CEST" finished-at="2020-10-13T13:22:00 CEST">
    <groups>
    </groups>
    <test name="Tests.EdycjaGrupy" duration-ms="11460" started-at="2020-10-13T13:21:48 CEST" finished-at="2020-10-13T13:22:00 CEST">
      <class name="Tests.EdycjaGrupy">
        <test-method status="PASS" signature="beforeTest()[pri:0, instance:Tests.EdycjaGrupy@25ddbbbb]" name="beforeTest" is-config="true" duration-ms="4777" started-at="2020-10-13T13:21:48 CEST" finished-at="2020-10-13T13:21:53 CEST">
          <reporter-output>
          </reporter-output>
        </test-method> <!-- beforeTest -->
        <test-method status="PASS" signature="test()[pri:0, instance:Tests.EdycjaGrupy@25ddbbbb]" name="test" duration-ms="6315" started-at="2020-10-13T13:21:53 CEST" description="as Admin Try Add New Certificate" finished-at="2020-10-13T13:21:59 CEST">
          <reporter-output>
          </reporter-output>
        </test-method> <!-- test -->
        <test-method status="PASS" signature="afterTest()[pri:0, instance:Tests.EdycjaGrupy@25ddbbbb]" name="afterTest" is-config="true" duration-ms="141" started-at="2020-10-13T13:21:59 CEST" finished-at="2020-10-13T13:22:00 CEST">
          <reporter-output>
          </reporter-output>
        </test-method> <!-- afterTest -->
      </class> <!-- Tests.EdycjaGrupy -->
    </test> <!-- Tests.EdycjaGrupy -->
  </suite> <!-- TESTS -->
</testng-results>
