<?xml version="1.0" encoding="UTF-8"?>
<testng-results skipped="0" failed="0" ignored="0" total="1" passed="1">
  <reporter-output>
  </reporter-output>
  <suite name="TESTS" duration-ms="11208" started-at="2020-10-13T13:22:02 CEST" finished-at="2020-10-13T13:22:13 CEST">
    <groups>
    </groups>
    <test name="Tests.UsuniecieRoliZGrupy" duration-ms="11208" started-at="2020-10-13T13:22:02 CEST" finished-at="2020-10-13T13:22:13 CEST">
      <class name="Tests.UsuniecieRoliZGrupy">
        <test-method status="PASS" signature="beforeTest()[pri:0, instance:Tests.UsuniecieRoliZGrupy@1536602f]" name="beforeTest" is-config="true" duration-ms="4808" started-at="2020-10-13T13:22:02 CEST" finished-at="2020-10-13T13:22:07 CEST">
          <reporter-output>
          </reporter-output>
        </test-method> <!-- beforeTest -->
        <test-method status="PASS" signature="test()[pri:0, instance:Tests.UsuniecieRoliZGrupy@1536602f]" name="test" duration-ms="6021" started-at="2020-10-13T13:22:07 CEST" description="as Admin Try Add New Certificate" finished-at="2020-10-13T13:22:13 CEST">
          <reporter-output>
          </reporter-output>
        </test-method> <!-- test -->
        <test-method status="PASS" signature="afterTest()[pri:0, instance:Tests.UsuniecieRoliZGrupy@1536602f]" name="afterTest" is-config="true" duration-ms="155" started-at="2020-10-13T13:22:13 CEST" finished-at="2020-10-13T13:22:13 CEST">
          <reporter-output>
          </reporter-output>
        </test-method> <!-- afterTest -->
      </class> <!-- Tests.UsuniecieRoliZGrupy -->
    </test> <!-- Tests.UsuniecieRoliZGrupy -->
  </suite> <!-- TESTS -->
</testng-results>
